2014-02-10 16:22:28,905  INFO [main] (ContextLoader.java:187) - Root WebApplicationContext: initialization started
2014-02-10 16:22:28,957  INFO [main] (AbstractApplicationContext.java:454) - Refreshing Root WebApplicationContext: startup date [Mon Feb 10 16:22:28 CST 2014]; root of context hierarchy
2014-02-10 16:22:29,007  INFO [main] (XmlBeanDefinitionReader.java:315) - Loading XML bean definitions from class path resource [applicationContext.xml]
2014-02-10 16:22:29,544  INFO [main] (DefaultListableBeanFactory.java:538) - Pre-instantiating singletons in org.springframework.beans.factory.support.DefaultListableBeanFactory@620968f9: defining beans [org.springframework.context.annotation.internalConfigurationAnnotationProcessor,org.springframework.context.annotation.internalAutowiredAnnotationProcessor,org.springframework.context.annotation.internalRequiredAnnotationProcessor,org.springframework.context.annotation.internalCommonAnnotationProcessor,org.springframework.context.annotation.internalPersistenceAnnotationProcessor,systemInterceptor,mainController,org.springframework.web.servlet.mvc.annotation.AnnotationMethodHandlerAdapter#0,dataSource,jdbcTemplate,sessionFactory,org.springframework.aop.config.internalAutoProxyCreator,org.springframework.transaction.annotation.AnnotationTransactionAttributeSource#0,org.springframework.transaction.interceptor.TransactionInterceptor#0,org.springframework.transaction.config.internalTransactionAdvisor,transactionManager,nactiveJdbcExtrator,lobHandler,exceptionResolver]; root of factory hierarchy
2014-02-10 16:22:30,007  INFO [main] (Version.java:15) - Hibernate Annotations 3.3.1.GA
2014-02-10 16:22:30,018  INFO [main] (Environment.java:514) - Hibernate 3.2.6
2014-02-10 16:22:30,025  INFO [main] (Environment.java:547) - hibernate.properties not found
2014-02-10 16:22:30,031  INFO [main] (Environment.java:681) - Bytecode provider name : cglib
2014-02-10 16:22:30,034  INFO [main] (Environment.java:598) - using JDK 1.4 java.sql.Timestamp handling
2014-02-10 16:22:30,137  INFO [main] (AnnotationConfiguration.java:365) - Hibernate Validator not found: ignoring
2014-02-10 16:22:30,138  INFO [main] (LocalSessionFactoryBean.java:772) - Building new Hibernate SessionFactory
2014-02-10 16:22:30,151  INFO [main] (ConnectionProviderFactory.java:72) - Initializing connection provider: org.springframework.orm.hibernate3.LocalDataSourceConnectionProvider
2014-02-10 16:22:30,514  INFO [main] (SettingsFactory.java:89) - RDBMS: Oracle, version: Oracle Database 10g Enterprise Edition Release 10.2.0.1.0 - Production
With the Partitioning, OLAP and Data Mining options
2014-02-10 16:22:30,514  INFO [main] (SettingsFactory.java:90) - JDBC driver: Oracle JDBC driver, version: 10.2.0.1.0
2014-02-10 16:22:30,532  INFO [main] (Dialect.java:152) - Using dialect: org.hibernate.dialect.Oracle9iDialect
2014-02-10 16:22:30,561  INFO [main] (TransactionFactoryFactory.java:34) - Transaction strategy: org.springframework.orm.hibernate3.SpringTransactionFactory
2014-02-10 16:22:30,564  INFO [main] (TransactionManagerLookupFactory.java:33) - No TransactionManagerLookup configured (in JTA environment, use of read-write or transactional second-level cache is not recommended)
2014-02-10 16:22:30,565  INFO [main] (SettingsFactory.java:143) - Automatic flush during beforeCompletion(): disabled
2014-02-10 16:22:30,565  INFO [main] (SettingsFactory.java:147) - Automatic session close at end of transaction: disabled
2014-02-10 16:22:30,566  INFO [main] (SettingsFactory.java:162) - Scrollable result sets: enabled
2014-02-10 16:22:30,566  INFO [main] (SettingsFactory.java:170) - JDBC3 getGeneratedKeys(): disabled
2014-02-10 16:22:30,566  INFO [main] (SettingsFactory.java:178) - Connection release mode: auto
2014-02-10 16:22:30,567  INFO [main] (SettingsFactory.java:205) - Default batch fetch size: 1
2014-02-10 16:22:30,567  INFO [main] (SettingsFactory.java:209) - Generate SQL with comments: disabled
2014-02-10 16:22:30,568  INFO [main] (SettingsFactory.java:213) - Order SQL updates by primary key: disabled
2014-02-10 16:22:30,568  INFO [main] (SettingsFactory.java:217) - Order SQL inserts for batching: disabled
2014-02-10 16:22:30,568  INFO [main] (SettingsFactory.java:386) - Query translator: org.hibernate.hql.ast.ASTQueryTranslatorFactory
2014-02-10 16:22:30,570  INFO [main] (ASTQueryTranslatorFactory.java:24) - Using ASTQueryTranslatorFactory
2014-02-10 16:22:30,571  INFO [main] (SettingsFactory.java:225) - Query language substitutions: {}
2014-02-10 16:22:30,571  INFO [main] (SettingsFactory.java:230) - JPA-QL strict compliance: disabled
2014-02-10 16:22:30,571  INFO [main] (SettingsFactory.java:235) - Second-level cache: enabled
2014-02-10 16:22:30,571  INFO [main] (SettingsFactory.java:239) - Query cache: disabled
2014-02-10 16:22:30,572  INFO [main] (SettingsFactory.java:373) - Cache provider: org.hibernate.cache.NoCacheProvider
2014-02-10 16:22:30,572  INFO [main] (SettingsFactory.java:254) - Optimize cache for minimal puts: disabled
2014-02-10 16:22:30,572  INFO [main] (SettingsFactory.java:263) - Structured second-level cache entries: disabled
2014-02-10 16:22:30,575  INFO [main] (SettingsFactory.java:283) - Echoing all SQL to stdout
2014-02-10 16:22:30,576  INFO [main] (SettingsFactory.java:290) - Statistics: disabled
2014-02-10 16:22:30,576  INFO [main] (SettingsFactory.java:294) - Deleted entity synthetic identifier rollback: disabled
2014-02-10 16:22:30,577  INFO [main] (SettingsFactory.java:309) - Default entity-mode: pojo
2014-02-10 16:22:30,577  INFO [main] (SettingsFactory.java:313) - Named query checking : enabled
2014-02-10 16:22:30,609  INFO [main] (SessionFactoryImpl.java:161) - building session factory
2014-02-10 16:22:30,613  INFO [main] (SessionFactoryObjectFactory.java:82) - Not binding factory to JNDI, no JNDI name configured
2014-02-10 16:22:30,665  INFO [main] (ContextLoader.java:214) - Root WebApplicationContext: initialization completed in 1756 ms
2014-02-10 16:22:30,715  INFO [main] (SysInit.java:30) - 系统开始初始化...
2014-02-10 16:22:30,716  INFO [main] (ServiceLocator.java:36) - 初始化ApplicationContext对象完毕...
2014-02-10 16:22:30,717  INFO [main] (SysInit.java:33) - 系统初始化上下文结束...
2014-02-10 16:22:30,717  INFO [main] (SysInit.java:35) - 初始化其它参数...
2014-02-10 16:22:30,825  INFO [main] (SysInit.java:41) - 初始化其它参数结束...
2014-02-10 16:22:30,838  INFO [main] (FrameworkServlet.java:301) - FrameworkServlet 'springDispatcherServlet': initialization started
2014-02-10 16:22:30,840  INFO [main] (AbstractApplicationContext.java:454) - Refreshing WebApplicationContext for namespace 'springDispatcherServlet-servlet': startup date [Mon Feb 10 16:22:30 CST 2014]; parent: Root WebApplicationContext
2014-02-10 16:22:30,842  INFO [main] (XmlBeanDefinitionReader.java:315) - Loading XML bean definitions from class path resource [spring-servlet.xml]
2014-02-10 16:22:30,971  INFO [main] (DefaultListableBeanFactory.java:538) - Pre-instantiating singletons in org.springframework.beans.factory.support.DefaultListableBeanFactory@7e4ab8b9: defining beans [systemInterceptor,mainController,org.springframework.context.annotation.internalConfigurationAnnotationProcessor,org.springframework.context.annotation.internalAutowiredAnnotationProcessor,org.springframework.context.annotation.internalRequiredAnnotationProcessor,org.springframework.context.annotation.internalCommonAnnotationProcessor,org.springframework.context.annotation.internalPersistenceAnnotationProcessor,org.springframework.web.servlet.mvc.annotation.DefaultAnnotationHandlerMapping#0,viewResolver,multipartResolver]; parent: org.springframework.beans.factory.support.DefaultListableBeanFactory@620968f9
2014-02-10 16:22:30,999  INFO [main] (AbstractUrlHandlerMapping.java:410) - Mapped URL path [/login.do] onto handler [com.sunsharing.component.web.controller.main.MainController@5bb77832]
2014-02-10 16:22:31,077  INFO [main] (FrameworkServlet.java:320) - FrameworkServlet 'springDispatcherServlet': initialization completed in 239 ms
2014-02-10 16:26:41,744  INFO [main] (ContextLoader.java:187) - Root WebApplicationContext: initialization started
2014-02-10 16:26:41,807  INFO [main] (AbstractApplicationContext.java:454) - Refreshing Root WebApplicationContext: startup date [Mon Feb 10 16:26:41 CST 2014]; root of context hierarchy
2014-02-10 16:26:41,860  INFO [main] (XmlBeanDefinitionReader.java:315) - Loading XML bean definitions from class path resource [applicationContext.xml]
2014-02-10 16:26:42,474  INFO [main] (DefaultListableBeanFactory.java:538) - Pre-instantiating singletons in org.springframework.beans.factory.support.DefaultListableBeanFactory@2754de0b: defining beans [org.springframework.context.annotation.internalConfigurationAnnotationProcessor,org.springframework.context.annotation.internalAutowiredAnnotationProcessor,org.springframework.context.annotation.internalRequiredAnnotationProcessor,org.springframework.context.annotation.internalCommonAnnotationProcessor,org.springframework.context.annotation.internalPersistenceAnnotationProcessor,systemInterceptor,mainController,org.springframework.web.servlet.mvc.annotation.AnnotationMethodHandlerAdapter#0,dataSource,jdbcTemplate,sessionFactory,org.springframework.aop.config.internalAutoProxyCreator,org.springframework.transaction.annotation.AnnotationTransactionAttributeSource#0,org.springframework.transaction.interceptor.TransactionInterceptor#0,org.springframework.transaction.config.internalTransactionAdvisor,transactionManager,nactiveJdbcExtrator,lobHandler,exceptionResolver]; root of factory hierarchy
2014-02-10 16:26:42,897  INFO [main] (Version.java:15) - Hibernate Annotations 3.3.1.GA
2014-02-10 16:26:42,908  INFO [main] (Environment.java:514) - Hibernate 3.2.6
2014-02-10 16:26:42,914  INFO [main] (Environment.java:547) - hibernate.properties not found
2014-02-10 16:26:42,917  INFO [main] (Environment.java:681) - Bytecode provider name : cglib
2014-02-10 16:26:42,921  INFO [main] (Environment.java:598) - using JDK 1.4 java.sql.Timestamp handling
2014-02-10 16:26:43,031  INFO [main] (AnnotationConfiguration.java:365) - Hibernate Validator not found: ignoring
2014-02-10 16:26:43,031  INFO [main] (LocalSessionFactoryBean.java:772) - Building new Hibernate SessionFactory
2014-02-10 16:26:43,044  INFO [main] (ConnectionProviderFactory.java:72) - Initializing connection provider: org.springframework.orm.hibernate3.LocalDataSourceConnectionProvider
2014-02-10 16:26:43,380  INFO [main] (SettingsFactory.java:89) - RDBMS: Oracle, version: Oracle Database 10g Enterprise Edition Release 10.2.0.1.0 - Production
With the Partitioning, OLAP and Data Mining options
2014-02-10 16:26:43,381  INFO [main] (SettingsFactory.java:90) - JDBC driver: Oracle JDBC driver, version: 10.2.0.1.0
2014-02-10 16:26:43,397  INFO [main] (Dialect.java:152) - Using dialect: org.hibernate.dialect.Oracle9iDialect
2014-02-10 16:26:43,431  INFO [main] (TransactionFactoryFactory.java:34) - Transaction strategy: org.springframework.orm.hibernate3.SpringTransactionFactory
2014-02-10 16:26:43,434  INFO [main] (TransactionManagerLookupFactory.java:33) - No TransactionManagerLookup configured (in JTA environment, use of read-write or transactional second-level cache is not recommended)
2014-02-10 16:26:43,435  INFO [main] (SettingsFactory.java:143) - Automatic flush during beforeCompletion(): disabled
2014-02-10 16:26:43,435  INFO [main] (SettingsFactory.java:147) - Automatic session close at end of transaction: disabled
2014-02-10 16:26:43,436  INFO [main] (SettingsFactory.java:162) - Scrollable result sets: enabled
2014-02-10 16:26:43,437  INFO [main] (SettingsFactory.java:170) - JDBC3 getGeneratedKeys(): disabled
2014-02-10 16:26:43,437  INFO [main] (SettingsFactory.java:178) - Connection release mode: auto
2014-02-10 16:26:43,438  INFO [main] (SettingsFactory.java:205) - Default batch fetch size: 1
2014-02-10 16:26:43,438  INFO [main] (SettingsFactory.java:209) - Generate SQL with comments: disabled
2014-02-10 16:26:43,439  INFO [main] (SettingsFactory.java:213) - Order SQL updates by primary key: disabled
2014-02-10 16:26:43,439  INFO [main] (SettingsFactory.java:217) - Order SQL inserts for batching: disabled
2014-02-10 16:26:43,440  INFO [main] (SettingsFactory.java:386) - Query translator: org.hibernate.hql.ast.ASTQueryTranslatorFactory
2014-02-10 16:26:43,442  INFO [main] (ASTQueryTranslatorFactory.java:24) - Using ASTQueryTranslatorFactory
2014-02-10 16:26:43,443  INFO [main] (SettingsFactory.java:225) - Query language substitutions: {}
2014-02-10 16:26:43,443  INFO [main] (SettingsFactory.java:230) - JPA-QL strict compliance: disabled
2014-02-10 16:26:43,443  INFO [main] (SettingsFactory.java:235) - Second-level cache: enabled
2014-02-10 16:26:43,444  INFO [main] (SettingsFactory.java:239) - Query cache: disabled
2014-02-10 16:26:43,444  INFO [main] (SettingsFactory.java:373) - Cache provider: org.hibernate.cache.NoCacheProvider
2014-02-10 16:26:43,444  INFO [main] (SettingsFactory.java:254) - Optimize cache for minimal puts: disabled
2014-02-10 16:26:43,444  INFO [main] (SettingsFactory.java:263) - Structured second-level cache entries: disabled
2014-02-10 16:26:43,449  INFO [main] (SettingsFactory.java:283) - Echoing all SQL to stdout
2014-02-10 16:26:43,450  INFO [main] (SettingsFactory.java:290) - Statistics: disabled
2014-02-10 16:26:43,450  INFO [main] (SettingsFactory.java:294) - Deleted entity synthetic identifier rollback: disabled
2014-02-10 16:26:43,451  INFO [main] (SettingsFactory.java:309) - Default entity-mode: pojo
2014-02-10 16:26:43,451  INFO [main] (SettingsFactory.java:313) - Named query checking : enabled
2014-02-10 16:26:43,478  INFO [main] (SessionFactoryImpl.java:161) - building session factory
2014-02-10 16:26:43,491  INFO [main] (SessionFactoryObjectFactory.java:82) - Not binding factory to JNDI, no JNDI name configured
2014-02-10 16:26:43,543  INFO [main] (ContextLoader.java:214) - Root WebApplicationContext: initialization completed in 1792 ms
2014-02-10 16:26:43,587  INFO [main] (SysInit.java:31) - 系统开始初始化...
2014-02-10 16:26:43,588  INFO [main] (ServiceLocator.java:36) - 初始化ApplicationContext对象完毕...
2014-02-10 16:26:43,589  INFO [main] (SysInit.java:34) - 系统初始化上下文结束...
2014-02-10 16:26:43,589  INFO [main] (SysInit.java:36) - 初始化其它参数...
2014-02-10 16:26:43,698  INFO [main] (ConfigContext.java:95) - ******实例化Bean:com.sunsharing.eos.server.sys.SysProp...
2014-02-10 16:26:43,701  INFO [main] (ConfigContext.java:131) - 开始加载配置文件：eos.properties
2014-02-10 16:26:43,702  INFO [main] (ConfigContext.java:133) - 配置文件完整路径：/Users/criss/Desktop/projectDev/eosgit/eos-server-example/target/classes/eos.properties
2014-02-10 16:26:43,703 ERROR [main] (ConfigContext.java:103) - 实例化Bean:com.sunsharing.eos.server.sys.SysProp出错...
com.sunsharing.component.resvalidate.exception.ValidateException: 加载文件eos.properties不存在于classpath中！
	at com.sunsharing.component.resvalidate.config.ConfigContext.annotationInject(ConfigContext.java:140)
	at com.sunsharing.component.resvalidate.config.ConfigContext.instancesBean(ConfigContext.java:97)
	at com.sunsharing.eos.server.EosInit.start(EosInit.java:53)
	at com.sunsharing.component.sys.SysInit.init(SysInit.java:43)
	at javax.servlet.GenericServlet.init(GenericServlet.java:241)
	at org.mortbay.jetty.servlet.ServletHolder.initServlet(ServletHolder.java:433)
	at org.mortbay.jetty.servlet.ServletHolder.doStart(ServletHolder.java:256)
	at org.mortbay.component.AbstractLifeCycle.start(AbstractLifeCycle.java:40)
	at org.mortbay.jetty.servlet.ServletHandler.initialize(ServletHandler.java:612)
	at org.mortbay.jetty.servlet.Context.startContext(Context.java:139)
	at org.mortbay.jetty.webapp.WebAppContext.startContext(WebAppContext.java:1218)
	at org.mortbay.jetty.handler.ContextHandler.doStart(ContextHandler.java:500)
	at org.mortbay.jetty.webapp.WebAppContext.doStart(WebAppContext.java:448)
	at org.mortbay.component.AbstractLifeCycle.start(AbstractLifeCycle.java:40)
	at org.mortbay.jetty.handler.HandlerCollection.doStart(HandlerCollection.java:147)
	at org.mortbay.jetty.handler.ContextHandlerCollection.doStart(ContextHandlerCollection.java:161)
	at org.mortbay.component.AbstractLifeCycle.start(AbstractLifeCycle.java:40)
	at org.mortbay.jetty.handler.HandlerCollection.doStart(HandlerCollection.java:147)
	at org.mortbay.component.AbstractLifeCycle.start(AbstractLifeCycle.java:40)
	at org.mortbay.jetty.handler.HandlerWrapper.doStart(HandlerWrapper.java:117)
	at org.mortbay.jetty.Server.doStart(Server.java:217)
	at org.mortbay.component.AbstractLifeCycle.start(AbstractLifeCycle.java:40)
	at org.mortbay.jetty.plugin.Jetty6PluginServer.start(Jetty6PluginServer.java:132)
	at org.mortbay.jetty.plugin.AbstractJettyMojo.startJetty(AbstractJettyMojo.java:345)
	at org.mortbay.jetty.plugin.AbstractJettyMojo.execute(AbstractJettyMojo.java:286)
	at org.mortbay.jetty.plugin.AbstractJettyRunMojo.execute(AbstractJettyRunMojo.java:204)
	at org.mortbay.jetty.plugin.Jetty6RunMojo.execute(Jetty6RunMojo.java:183)
	at org.apache.maven.plugin.DefaultBuildPluginManager.executeMojo(DefaultBuildPluginManager.java:101)
	at org.apache.maven.lifecycle.internal.MojoExecutor.execute(MojoExecutor.java:209)
	at org.apache.maven.lifecycle.internal.MojoExecutor.execute(MojoExecutor.java:153)
	at org.apache.maven.lifecycle.internal.MojoExecutor.execute(MojoExecutor.java:145)
	at org.apache.maven.lifecycle.internal.LifecycleModuleBuilder.buildProject(LifecycleModuleBuilder.java:84)
	at org.apache.maven.lifecycle.internal.LifecycleModuleBuilder.buildProject(LifecycleModuleBuilder.java:59)
	at org.apache.maven.lifecycle.internal.LifecycleStarter.singleThreadedBuild(LifecycleStarter.java:183)
	at org.apache.maven.lifecycle.internal.LifecycleStarter.execute(LifecycleStarter.java:161)
	at org.apache.maven.DefaultMaven.doExecute(DefaultMaven.java:320)
	at org.apache.maven.DefaultMaven.execute(DefaultMaven.java:156)
	at org.apache.maven.cli.MavenCli.execute(MavenCli.java:537)
	at org.apache.maven.cli.MavenCli.doMain(MavenCli.java:196)
	at org.apache.maven.cli.MavenCli.main(MavenCli.java:141)
	at sun.reflect.NativeMethodAccessorImpl.invoke0(Native Method)
	at sun.reflect.NativeMethodAccessorImpl.invoke(NativeMethodAccessorImpl.java:39)
	at sun.reflect.DelegatingMethodAccessorImpl.invoke(DelegatingMethodAccessorImpl.java:25)
	at java.lang.reflect.Method.invoke(Method.java:597)
	at org.codehaus.plexus.classworlds.launcher.Launcher.launchEnhanced(Launcher.java:290)
	at org.codehaus.plexus.classworlds.launcher.Launcher.launch(Launcher.java:230)
	at org.codehaus.plexus.classworlds.launcher.Launcher.mainWithExitCode(Launcher.java:409)
	at org.codehaus.plexus.classworlds.launcher.Launcher.main(Launcher.java:352)
	at org.codehaus.classworlds.Launcher.main(Launcher.java:47)
	at sun.reflect.NativeMethodAccessorImpl.invoke0(Native Method)
	at sun.reflect.NativeMethodAccessorImpl.invoke(NativeMethodAccessorImpl.java:39)
	at sun.reflect.DelegatingMethodAccessorImpl.invoke(DelegatingMethodAccessorImpl.java:25)
	at java.lang.reflect.Method.invoke(Method.java:597)
	at com.intellij.rt.execution.application.AppMain.main(AppMain.java:120)
2014-02-10 16:26:43,713  INFO [Shutdown] (AbstractApplicationContext.java:979) - Closing Root WebApplicationContext: startup date [Mon Feb 10 16:26:41 CST 2014]; root of context hierarchy
2014-02-10 16:26:43,714  INFO [Shutdown] (DefaultSingletonBeanRegistry.java:421) - Destroying singletons in org.springframework.beans.factory.support.DefaultListableBeanFactory@2754de0b: defining beans [org.springframework.context.annotation.internalConfigurationAnnotationProcessor,org.springframework.context.annotation.internalAutowiredAnnotationProcessor,org.springframework.context.annotation.internalRequiredAnnotationProcessor,org.springframework.context.annotation.internalCommonAnnotationProcessor,org.springframework.context.annotation.internalPersistenceAnnotationProcessor,systemInterceptor,mainController,org.springframework.web.servlet.mvc.annotation.AnnotationMethodHandlerAdapter#0,dataSource,jdbcTemplate,sessionFactory,org.springframework.aop.config.internalAutoProxyCreator,org.springframework.transaction.annotation.AnnotationTransactionAttributeSource#0,org.springframework.transaction.interceptor.TransactionInterceptor#0,org.springframework.transaction.config.internalTransactionAdvisor,transactionManager,nactiveJdbcExtrator,lobHandler,exceptionResolver]; root of factory hierarchy
2014-02-10 16:26:43,721  INFO [Shutdown] (AbstractSessionFactoryBean.java:246) - Closing Hibernate SessionFactory
2014-02-10 16:26:43,722  INFO [Shutdown] (SessionFactoryImpl.java:769) - closing
2014-02-10 16:29:56,925  INFO [main] (ContextLoader.java:187) - Root WebApplicationContext: initialization started
2014-02-10 16:29:56,993  INFO [main] (AbstractApplicationContext.java:454) - Refreshing Root WebApplicationContext: startup date [Mon Feb 10 16:29:56 CST 2014]; root of context hierarchy
2014-02-10 16:29:57,072  INFO [main] (XmlBeanDefinitionReader.java:315) - Loading XML bean definitions from class path resource [applicationContext.xml]
2014-02-10 16:29:57,795  INFO [main] (DefaultListableBeanFactory.java:538) - Pre-instantiating singletons in org.springframework.beans.factory.support.DefaultListableBeanFactory@4fb8b808: defining beans [org.springframework.context.annotation.internalConfigurationAnnotationProcessor,org.springframework.context.annotation.internalAutowiredAnnotationProcessor,org.springframework.context.annotation.internalRequiredAnnotationProcessor,org.springframework.context.annotation.internalCommonAnnotationProcessor,org.springframework.context.annotation.internalPersistenceAnnotationProcessor,systemInterceptor,mainController,org.springframework.web.servlet.mvc.annotation.AnnotationMethodHandlerAdapter#0,dataSource,jdbcTemplate,sessionFactory,org.springframework.aop.config.internalAutoProxyCreator,org.springframework.transaction.annotation.AnnotationTransactionAttributeSource#0,org.springframework.transaction.interceptor.TransactionInterceptor#0,org.springframework.transaction.config.internalTransactionAdvisor,transactionManager,nactiveJdbcExtrator,lobHandler,exceptionResolver]; root of factory hierarchy
2014-02-10 16:29:58,273  INFO [main] (Version.java:15) - Hibernate Annotations 3.3.1.GA
2014-02-10 16:29:58,288  INFO [main] (Environment.java:514) - Hibernate 3.2.6
2014-02-10 16:29:58,295  INFO [main] (Environment.java:547) - hibernate.properties not found
2014-02-10 16:29:58,300  INFO [main] (Environment.java:681) - Bytecode provider name : cglib
2014-02-10 16:29:58,304  INFO [main] (Environment.java:598) - using JDK 1.4 java.sql.Timestamp handling
2014-02-10 16:29:58,416  INFO [main] (AnnotationConfiguration.java:365) - Hibernate Validator not found: ignoring
2014-02-10 16:29:58,417  INFO [main] (LocalSessionFactoryBean.java:772) - Building new Hibernate SessionFactory
2014-02-10 16:29:58,425  INFO [main] (ConnectionProviderFactory.java:72) - Initializing connection provider: org.springframework.orm.hibernate3.LocalDataSourceConnectionProvider
2014-02-10 16:29:58,748  INFO [main] (SettingsFactory.java:89) - RDBMS: Oracle, version: Oracle Database 10g Enterprise Edition Release 10.2.0.1.0 - Production
With the Partitioning, OLAP and Data Mining options
2014-02-10 16:29:58,748  INFO [main] (SettingsFactory.java:90) - JDBC driver: Oracle JDBC driver, version: 10.2.0.1.0
2014-02-10 16:29:58,765  INFO [main] (Dialect.java:152) - Using dialect: org.hibernate.dialect.Oracle9iDialect
2014-02-10 16:29:58,793  INFO [main] (TransactionFactoryFactory.java:34) - Transaction strategy: org.springframework.orm.hibernate3.SpringTransactionFactory
2014-02-10 16:29:58,796  INFO [main] (TransactionManagerLookupFactory.java:33) - No TransactionManagerLookup configured (in JTA environment, use of read-write or transactional second-level cache is not recommended)
2014-02-10 16:29:58,797  INFO [main] (SettingsFactory.java:143) - Automatic flush during beforeCompletion(): disabled
2014-02-10 16:29:58,797  INFO [main] (SettingsFactory.java:147) - Automatic session close at end of transaction: disabled
2014-02-10 16:29:58,798  INFO [main] (SettingsFactory.java:162) - Scrollable result sets: enabled
2014-02-10 16:29:58,798  INFO [main] (SettingsFactory.java:170) - JDBC3 getGeneratedKeys(): disabled
2014-02-10 16:29:58,799  INFO [main] (SettingsFactory.java:178) - Connection release mode: auto
2014-02-10 16:29:58,800  INFO [main] (SettingsFactory.java:205) - Default batch fetch size: 1
2014-02-10 16:29:58,800  INFO [main] (SettingsFactory.java:209) - Generate SQL with comments: disabled
2014-02-10 16:29:58,801  INFO [main] (SettingsFactory.java:213) - Order SQL updates by primary key: disabled
2014-02-10 16:29:58,801  INFO [main] (SettingsFactory.java:217) - Order SQL inserts for batching: disabled
2014-02-10 16:29:58,801  INFO [main] (SettingsFactory.java:386) - Query translator: org.hibernate.hql.ast.ASTQueryTranslatorFactory
2014-02-10 16:29:58,804  INFO [main] (ASTQueryTranslatorFactory.java:24) - Using ASTQueryTranslatorFactory
2014-02-10 16:29:58,804  INFO [main] (SettingsFactory.java:225) - Query language substitutions: {}
2014-02-10 16:29:58,805  INFO [main] (SettingsFactory.java:230) - JPA-QL strict compliance: disabled
2014-02-10 16:29:58,805  INFO [main] (SettingsFactory.java:235) - Second-level cache: enabled
2014-02-10 16:29:58,805  INFO [main] (SettingsFactory.java:239) - Query cache: disabled
2014-02-10 16:29:58,805  INFO [main] (SettingsFactory.java:373) - Cache provider: org.hibernate.cache.NoCacheProvider
2014-02-10 16:29:58,806  INFO [main] (SettingsFactory.java:254) - Optimize cache for minimal puts: disabled
2014-02-10 16:29:58,806  INFO [main] (SettingsFactory.java:263) - Structured second-level cache entries: disabled
2014-02-10 16:29:58,810  INFO [main] (SettingsFactory.java:283) - Echoing all SQL to stdout
2014-02-10 16:29:58,811  INFO [main] (SettingsFactory.java:290) - Statistics: disabled
2014-02-10 16:29:58,812  INFO [main] (SettingsFactory.java:294) - Deleted entity synthetic identifier rollback: disabled
2014-02-10 16:29:58,813  INFO [main] (SettingsFactory.java:309) - Default entity-mode: pojo
2014-02-10 16:29:58,813  INFO [main] (SettingsFactory.java:313) - Named query checking : enabled
2014-02-10 16:29:58,848  INFO [main] (SessionFactoryImpl.java:161) - building session factory
2014-02-10 16:29:58,854  INFO [main] (SessionFactoryObjectFactory.java:82) - Not binding factory to JNDI, no JNDI name configured
2014-02-10 16:29:58,905  INFO [main] (ContextLoader.java:214) - Root WebApplicationContext: initialization completed in 1961 ms
2014-02-10 16:29:58,946  INFO [main] (SysInit.java:31) - 系统开始初始化...
2014-02-10 16:29:58,948  INFO [main] (ServiceLocator.java:36) - 初始化ApplicationContext对象完毕...
2014-02-10 16:29:58,949  INFO [main] (SysInit.java:34) - 系统初始化上下文结束...
2014-02-10 16:29:58,949  INFO [main] (SysInit.java:36) - 初始化其它参数...
2014-02-10 16:29:59,050  INFO [main] (ConfigContext.java:95) - ******实例化Bean:com.sunsharing.eos.server.sys.SysProp...
2014-02-10 16:29:59,052  INFO [main] (ConfigContext.java:131) - 开始加载配置文件：eos.properties
2014-02-10 16:29:59,053  INFO [main] (ConfigContext.java:133) - 配置文件完整路径：/Users/criss/Desktop/projectDev/eosgit/eos-server-example/target/classes/eos.properties
2014-02-10 16:29:59,053  INFO [main] (ConfigContext.java:138) - filePath = /Users/criss/Desktop/projectDev/eosgit/eos-server-example/target/classes/eos.properties
2014-02-10 16:29:59,054  INFO [main] (ConfigContext.java:309) - 加载参数：zookeeper_ip=192.168.0.224
2014-02-10 16:29:59,054  INFO [main] (ConfigContext.java:309) - 加载参数：zookeeper_port=2181
2014-02-10 16:29:59,054  INFO [main] (ConfigContext.java:309) - 加载参数：eos_id=225
2014-02-10 16:29:59,055  INFO [main] (ConfigContext.java:309) - 加载参数：local_ip=192.168.100.60
2014-02-10 16:29:59,055  INFO [main] (ConfigContext.java:309) - 加载参数：netty_server_port=10085
2014-02-10 16:29:59,055  INFO [main] (ConfigContext.java:309) - 加载参数：app_id=ihome
2014-02-10 16:29:59,056  INFO [main] (ConfigContext.java:152) - 加载属性配置文件结束！
2014-02-10 16:29:59,056  INFO [main] (ConfigContext.java:153) - 开始设置bean的值.....
2014-02-10 16:29:59,062  INFO [main] (ConfigContext.java:277) - appId（app_id）=ihome
2014-02-10 16:29:59,067  INFO [main] (ConfigContext.java:277) - zookeeperIp（zookeeper_ip）=192.168.0.224
2014-02-10 16:29:59,071  INFO [main] (ConfigContext.java:277) - zookeeperPort（zookeeper_port）=2181
2014-02-10 16:29:59,071  INFO [main] (ConfigContext.java:277) - eosId（eos_id）=225
2014-02-10 16:29:59,072  INFO [main] (ConfigContext.java:277) - localIp（local_ip）=192.168.100.60
2014-02-10 16:29:59,073  INFO [main] (ConfigContext.java:277) - nettyServerPort（netty_server_port）=10085
2014-02-10 16:29:59,073  INFO [main] (ConfigContext.java:98) - ******实例化Bean:com.sunsharing.eos.server.sys.SysProp结束
2014-02-10 16:29:59,131  INFO [main] (SysInit.java:45) - 初始化其它参数结束...
2014-02-10 16:29:59,138  INFO [Thread-7] (ZookeeperUtils.java:75) - ZookeeperCacheSynchronizer:connect
2014-02-10 16:29:59,142  INFO [Thread-7] (ZookeeperUtils.java:82) - 连接192.168.0.224:2181
2014-02-10 16:29:59,158  INFO [main] (FrameworkServlet.java:301) - FrameworkServlet 'springDispatcherServlet': initialization started
2014-02-10 16:29:59,165  INFO [main] (AbstractApplicationContext.java:454) - Refreshing WebApplicationContext for namespace 'springDispatcherServlet-servlet': startup date [Mon Feb 10 16:29:59 CST 2014]; parent: Root WebApplicationContext
2014-02-10 16:29:59,168  INFO [main] (XmlBeanDefinitionReader.java:315) - Loading XML bean definitions from class path resource [spring-servlet.xml]
2014-02-10 16:29:59,316  INFO [main] (DefaultListableBeanFactory.java:538) - Pre-instantiating singletons in org.springframework.beans.factory.support.DefaultListableBeanFactory@3e3e3c83: defining beans [systemInterceptor,mainController,org.springframework.context.annotation.internalConfigurationAnnotationProcessor,org.springframework.context.annotation.internalAutowiredAnnotationProcessor,org.springframework.context.annotation.internalRequiredAnnotationProcessor,org.springframework.context.annotation.internalCommonAnnotationProcessor,org.springframework.context.annotation.internalPersistenceAnnotationProcessor,org.springframework.web.servlet.mvc.annotation.DefaultAnnotationHandlerMapping#0,viewResolver,multipartResolver]; parent: org.springframework.beans.factory.support.DefaultListableBeanFactory@4fb8b808
2014-02-10 16:29:59,355  INFO [main] (AbstractUrlHandlerMapping.java:410) - Mapped URL path [/login.do] onto handler [com.sunsharing.component.web.controller.main.MainController@1809b1ac]
2014-02-10 16:29:59,429  INFO [main] (FrameworkServlet.java:320) - FrameworkServlet 'springDispatcherServlet': initialization completed in 270 ms
2014-02-10 16:30:29,260  INFO [Thread-7] (Environment.java:100) - Client environment:zookeeper.version=3.4.5-1392090, built on 09/30/2012 17:52 GMT
2014-02-10 16:30:29,261  INFO [Thread-7] (Environment.java:100) - Client environment:host.name=192.168.137.137
2014-02-10 16:30:29,261  INFO [Thread-7] (Environment.java:100) - Client environment:java.version=1.6.0_65
2014-02-10 16:30:29,261  INFO [Thread-7] (Environment.java:100) - Client environment:java.vendor=Apple Inc.
2014-02-10 16:30:29,261  INFO [Thread-7] (Environment.java:100) - Client environment:java.home=/System/Library/Java/JavaVirtualMachines/1.6.0.jdk/Contents/Home
2014-02-10 16:30:29,262  INFO [Thread-7] (Environment.java:100) - Client environment:java.class.path=/Users/criss/Desktop/tools/apache-maven-3.0.5/boot/plexus-classworlds-2.4.jar:/Applications/IntelliJ IDEA 13.app/lib/idea_rt.jar
2014-02-10 16:30:29,262  INFO [Thread-7] (Environment.java:100) - Client environment:java.library.path=.:/Library/Java/Extensions:/System/Library/Java/Extensions:/usr/lib/java
2014-02-10 16:30:29,262  INFO [Thread-7] (Environment.java:100) - Client environment:java.io.tmpdir=/var/folders/kw/2j8r0qcd6g5gs6mqnx988jj40000gn/T/
2014-02-10 16:30:29,262  INFO [Thread-7] (Environment.java:100) - Client environment:java.compiler=<NA>
2014-02-10 16:30:29,262  INFO [Thread-7] (Environment.java:100) - Client environment:os.name=Mac OS X
2014-02-10 16:30:29,262  INFO [Thread-7] (Environment.java:100) - Client environment:os.arch=x86_64
2014-02-10 16:30:29,262  INFO [Thread-7] (Environment.java:100) - Client environment:os.version=10.9.1
2014-02-10 16:30:29,263  INFO [Thread-7] (Environment.java:100) - Client environment:user.name=criss
2014-02-10 16:30:29,263  INFO [Thread-7] (Environment.java:100) - Client environment:user.home=/Users/criss
2014-02-10 16:30:29,263  INFO [Thread-7] (Environment.java:100) - Client environment:user.dir=/Users/criss/Desktop/projectDev/eosgit/eos-server-example
2014-02-10 16:30:29,264  INFO [Thread-7] (ZooKeeper.java:438) - Initiating client connection, connectString=192.168.0.224:2181 sessionTimeout=5000 watcher=com.sunsharing.eos.common.zookeeper.ZookeeperUtils$DefaultWatcher@44cae5b8
2014-02-10 16:30:29,286  INFO [Thread-7] (ZookeeperUtils.java:84) - 连接完成
2014-02-10 16:30:33,615  INFO [Thread-7-SendThread(192.168.0.224:2181)] (ClientCnxn.java:966) - Opening socket connection to server 192.168.0.224/192.168.0.224:2181. Will not attempt to authenticate using SASL (无法定位登录配置)
2014-02-10 16:30:33,628  INFO [Thread-7-SendThread(192.168.0.224:2181)] (ClientCnxn.java:849) - Socket connection established to 192.168.0.224/192.168.0.224:2181, initiating session
2014-02-10 16:30:33,646  INFO [Thread-7-SendThread(192.168.0.224:2181)] (ClientCnxn.java:1207) - Session establishment complete on server 192.168.0.224/192.168.0.224:2181, sessionid = 0x1440b8b58120026, negotiated timeout = 5000
2014-02-10 16:30:33,648  INFO [Thread-7-EventThread] (ZookeeperUtils.java:220) - 已经触发了None事件！::path:null
2014-02-10 16:30:33,649  INFO [Thread-7-EventThread] (ZookeeperUtils.java:228) - 连接结束connectedSignal.countDown...
2014-02-10 16:30:33,649  INFO [Thread-7-EventThread] (ServerConnectCallBack.java:25) - 登录成功了开始调用回调
2014-02-10 16:30:44,562  INFO [main] (ContextLoader.java:187) - Root WebApplicationContext: initialization started
2014-02-10 16:30:44,620  INFO [main] (AbstractApplicationContext.java:454) - Refreshing Root WebApplicationContext: startup date [Mon Feb 10 16:30:44 CST 2014]; root of context hierarchy
2014-02-10 16:30:44,686  INFO [main] (XmlBeanDefinitionReader.java:315) - Loading XML bean definitions from class path resource [applicationContext.xml]
2014-02-10 16:30:45,329  INFO [main] (DefaultListableBeanFactory.java:538) - Pre-instantiating singletons in org.springframework.beans.factory.support.DefaultListableBeanFactory@5b2eda6f: defining beans [org.springframework.context.annotation.internalConfigurationAnnotationProcessor,org.springframework.context.annotation.internalAutowiredAnnotationProcessor,org.springframework.context.annotation.internalRequiredAnnotationProcessor,org.springframework.context.annotation.internalCommonAnnotationProcessor,org.springframework.context.annotation.internalPersistenceAnnotationProcessor,systemInterceptor,mainController,org.springframework.web.servlet.mvc.annotation.AnnotationMethodHandlerAdapter#0,dataSource,jdbcTemplate,sessionFactory,org.springframework.aop.config.internalAutoProxyCreator,org.springframework.transaction.annotation.AnnotationTransactionAttributeSource#0,org.springframework.transaction.interceptor.TransactionInterceptor#0,org.springframework.transaction.config.internalTransactionAdvisor,transactionManager,nactiveJdbcExtrator,lobHandler,exceptionResolver]; root of factory hierarchy
2014-02-10 16:30:45,756  INFO [main] (Version.java:15) - Hibernate Annotations 3.3.1.GA
2014-02-10 16:30:45,767  INFO [main] (Environment.java:514) - Hibernate 3.2.6
2014-02-10 16:30:45,771  INFO [main] (Environment.java:547) - hibernate.properties not found
2014-02-10 16:30:45,775  INFO [main] (Environment.java:681) - Bytecode provider name : cglib
2014-02-10 16:30:45,778  INFO [main] (Environment.java:598) - using JDK 1.4 java.sql.Timestamp handling
2014-02-10 16:30:45,874  INFO [main] (AnnotationConfiguration.java:365) - Hibernate Validator not found: ignoring
2014-02-10 16:30:45,874  INFO [main] (LocalSessionFactoryBean.java:772) - Building new Hibernate SessionFactory
2014-02-10 16:30:45,885  INFO [main] (ConnectionProviderFactory.java:72) - Initializing connection provider: org.springframework.orm.hibernate3.LocalDataSourceConnectionProvider
2014-02-10 16:30:46,184  INFO [main] (SettingsFactory.java:89) - RDBMS: Oracle, version: Oracle Database 10g Enterprise Edition Release 10.2.0.1.0 - Production
With the Partitioning, OLAP and Data Mining options
2014-02-10 16:30:46,185  INFO [main] (SettingsFactory.java:90) - JDBC driver: Oracle JDBC driver, version: 10.2.0.1.0
2014-02-10 16:30:46,196  INFO [main] (Dialect.java:152) - Using dialect: org.hibernate.dialect.Oracle9iDialect
2014-02-10 16:30:46,225  INFO [main] (TransactionFactoryFactory.java:34) - Transaction strategy: org.springframework.orm.hibernate3.SpringTransactionFactory
2014-02-10 16:30:46,228  INFO [main] (TransactionManagerLookupFactory.java:33) - No TransactionManagerLookup configured (in JTA environment, use of read-write or transactional second-level cache is not recommended)
2014-02-10 16:30:46,229  INFO [main] (SettingsFactory.java:143) - Automatic flush during beforeCompletion(): disabled
2014-02-10 16:30:46,229  INFO [main] (SettingsFactory.java:147) - Automatic session close at end of transaction: disabled
2014-02-10 16:30:46,230  INFO [main] (SettingsFactory.java:162) - Scrollable result sets: enabled
2014-02-10 16:30:46,231  INFO [main] (SettingsFactory.java:170) - JDBC3 getGeneratedKeys(): disabled
2014-02-10 16:30:46,231  INFO [main] (SettingsFactory.java:178) - Connection release mode: auto
2014-02-10 16:30:46,232  INFO [main] (SettingsFactory.java:205) - Default batch fetch size: 1
2014-02-10 16:30:46,232  INFO [main] (SettingsFactory.java:209) - Generate SQL with comments: disabled
2014-02-10 16:30:46,233  INFO [main] (SettingsFactory.java:213) - Order SQL updates by primary key: disabled
2014-02-10 16:30:46,233  INFO [main] (SettingsFactory.java:217) - Order SQL inserts for batching: disabled
2014-02-10 16:30:46,233  INFO [main] (SettingsFactory.java:386) - Query translator: org.hibernate.hql.ast.ASTQueryTranslatorFactory
2014-02-10 16:30:46,234  INFO [main] (ASTQueryTranslatorFactory.java:24) - Using ASTQueryTranslatorFactory
2014-02-10 16:30:46,235  INFO [main] (SettingsFactory.java:225) - Query language substitutions: {}
2014-02-10 16:30:46,235  INFO [main] (SettingsFactory.java:230) - JPA-QL strict compliance: disabled
2014-02-10 16:30:46,235  INFO [main] (SettingsFactory.java:235) - Second-level cache: enabled
2014-02-10 16:30:46,236  INFO [main] (SettingsFactory.java:239) - Query cache: disabled
2014-02-10 16:30:46,236  INFO [main] (SettingsFactory.java:373) - Cache provider: org.hibernate.cache.NoCacheProvider
2014-02-10 16:30:46,236  INFO [main] (SettingsFactory.java:254) - Optimize cache for minimal puts: disabled
2014-02-10 16:30:46,237  INFO [main] (SettingsFactory.java:263) - Structured second-level cache entries: disabled
2014-02-10 16:30:46,241  INFO [main] (SettingsFactory.java:283) - Echoing all SQL to stdout
2014-02-10 16:30:46,243  INFO [main] (SettingsFactory.java:290) - Statistics: disabled
2014-02-10 16:30:46,243  INFO [main] (SettingsFactory.java:294) - Deleted entity synthetic identifier rollback: disabled
2014-02-10 16:30:46,244  INFO [main] (SettingsFactory.java:309) - Default entity-mode: pojo
2014-02-10 16:30:46,245  INFO [main] (SettingsFactory.java:313) - Named query checking : enabled
2014-02-10 16:30:46,270  INFO [main] (SessionFactoryImpl.java:161) - building session factory
2014-02-10 16:30:46,274  INFO [main] (SessionFactoryObjectFactory.java:82) - Not binding factory to JNDI, no JNDI name configured
2014-02-10 16:30:46,331  INFO [main] (ContextLoader.java:214) - Root WebApplicationContext: initialization completed in 1764 ms
2014-02-10 16:30:46,376  INFO [main] (SysInit.java:31) - 系统开始初始化...
2014-02-10 16:30:46,376  INFO [main] (ServiceLocator.java:36) - 初始化ApplicationContext对象完毕...
2014-02-10 16:30:46,377  INFO [main] (SysInit.java:34) - 系统初始化上下文结束...
2014-02-10 16:30:46,377  INFO [main] (SysInit.java:36) - 初始化其它参数...
2014-02-10 16:30:46,457  INFO [main] (ConfigContext.java:95) - ******实例化Bean:com.sunsharing.eos.server.sys.SysProp...
2014-02-10 16:30:46,459  INFO [main] (ConfigContext.java:131) - 开始加载配置文件：eos.properties
2014-02-10 16:30:46,461  INFO [main] (ConfigContext.java:133) - 配置文件完整路径：/Users/criss/Desktop/projectDev/eosgit/eos-server-example/target/classes/eos.properties
2014-02-10 16:30:46,461  INFO [main] (ConfigContext.java:138) - filePath = /Users/criss/Desktop/projectDev/eosgit/eos-server-example/target/classes/eos.properties
2014-02-10 16:30:46,462  INFO [main] (ConfigContext.java:309) - 加载参数：zookeeper_ip=192.168.0.224
2014-02-10 16:30:46,463  INFO [main] (ConfigContext.java:309) - 加载参数：zookeeper_port=2181
2014-02-10 16:30:46,463  INFO [main] (ConfigContext.java:309) - 加载参数：eos_id=225
2014-02-10 16:30:46,463  INFO [main] (ConfigContext.java:309) - 加载参数：local_ip=192.168.100.60
2014-02-10 16:30:46,463  INFO [main] (ConfigContext.java:309) - 加载参数：netty_server_port=10085
2014-02-10 16:30:46,464  INFO [main] (ConfigContext.java:309) - 加载参数：app_id=ihome
2014-02-10 16:30:46,465  INFO [main] (ConfigContext.java:152) - 加载属性配置文件结束！
2014-02-10 16:30:46,465  INFO [main] (ConfigContext.java:153) - 开始设置bean的值.....
2014-02-10 16:30:46,471  INFO [main] (ConfigContext.java:277) - appId（app_id）=ihome
2014-02-10 16:30:46,476  INFO [main] (ConfigContext.java:277) - zookeeperIp（zookeeper_ip）=192.168.0.224
2014-02-10 16:30:46,479  INFO [main] (ConfigContext.java:277) - zookeeperPort（zookeeper_port）=2181
2014-02-10 16:30:46,480  INFO [main] (ConfigContext.java:277) - eosId（eos_id）=225
2014-02-10 16:30:46,481  INFO [main] (ConfigContext.java:277) - localIp（local_ip）=192.168.100.60
2014-02-10 16:30:46,482  INFO [main] (ConfigContext.java:277) - nettyServerPort（netty_server_port）=10085
2014-02-10 16:30:46,483  INFO [main] (ConfigContext.java:98) - ******实例化Bean:com.sunsharing.eos.server.sys.SysProp结束
2014-02-10 16:30:46,539  INFO [main] (SysInit.java:45) - 初始化其它参数结束...
2014-02-10 16:30:46,544  INFO [Thread-7] (ZookeeperUtils.java:75) - ZookeeperCacheSynchronizer:connect
2014-02-10 16:30:46,545  INFO [Thread-7] (ZookeeperUtils.java:82) - 连接192.168.0.224:2181
2014-02-10 16:30:46,557  INFO [main] (FrameworkServlet.java:301) - FrameworkServlet 'springDispatcherServlet': initialization started
2014-02-10 16:30:46,561  INFO [main] (AbstractApplicationContext.java:454) - Refreshing WebApplicationContext for namespace 'springDispatcherServlet-servlet': startup date [Mon Feb 10 16:30:46 CST 2014]; parent: Root WebApplicationContext
2014-02-10 16:30:46,562  INFO [main] (XmlBeanDefinitionReader.java:315) - Loading XML bean definitions from class path resource [spring-servlet.xml]
2014-02-10 16:30:46,696  INFO [main] (DefaultListableBeanFactory.java:538) - Pre-instantiating singletons in org.springframework.beans.factory.support.DefaultListableBeanFactory@1c52ac68: defining beans [systemInterceptor,mainController,org.springframework.context.annotation.internalConfigurationAnnotationProcessor,org.springframework.context.annotation.internalAutowiredAnnotationProcessor,org.springframework.context.annotation.internalRequiredAnnotationProcessor,org.springframework.context.annotation.internalCommonAnnotationProcessor,org.springframework.context.annotation.internalPersistenceAnnotationProcessor,org.springframework.web.servlet.mvc.annotation.DefaultAnnotationHandlerMapping#0,viewResolver,multipartResolver]; parent: org.springframework.beans.factory.support.DefaultListableBeanFactory@5b2eda6f
2014-02-10 16:30:46,725  INFO [main] (AbstractUrlHandlerMapping.java:410) - Mapped URL path [/login.do] onto handler [com.sunsharing.component.web.controller.main.MainController@26114629]
2014-02-10 16:30:46,812  INFO [main] (FrameworkServlet.java:320) - FrameworkServlet 'springDispatcherServlet': initialization completed in 254 ms
2014-02-10 16:30:51,038  INFO [Thread-7] (Environment.java:100) - Client environment:zookeeper.version=3.4.5-1392090, built on 09/30/2012 17:52 GMT
2014-02-10 16:30:51,039  INFO [Thread-7] (Environment.java:100) - Client environment:host.name=192.168.137.137
2014-02-10 16:30:51,039  INFO [Thread-7] (Environment.java:100) - Client environment:java.version=1.6.0_65
2014-02-10 16:30:51,039  INFO [Thread-7] (Environment.java:100) - Client environment:java.vendor=Apple Inc.
2014-02-10 16:30:51,039  INFO [Thread-7] (Environment.java:100) - Client environment:java.home=/System/Library/Java/JavaVirtualMachines/1.6.0.jdk/Contents/Home
2014-02-10 16:30:51,039  INFO [Thread-7] (Environment.java:100) - Client environment:java.class.path=/Users/criss/Desktop/tools/apache-maven-3.0.5/boot/plexus-classworlds-2.4.jar:/Applications/IntelliJ IDEA 13.app/lib/idea_rt.jar
2014-02-10 16:30:51,040  INFO [Thread-7] (Environment.java:100) - Client environment:java.library.path=.:/Library/Java/Extensions:/System/Library/Java/Extensions:/usr/lib/java
2014-02-10 16:30:51,040  INFO [Thread-7] (Environment.java:100) - Client environment:java.io.tmpdir=/var/folders/kw/2j8r0qcd6g5gs6mqnx988jj40000gn/T/
2014-02-10 16:30:51,040  INFO [Thread-7] (Environment.java:100) - Client environment:java.compiler=<NA>
2014-02-10 16:30:51,040  INFO [Thread-7] (Environment.java:100) - Client environment:os.name=Mac OS X
2014-02-10 16:30:51,040  INFO [Thread-7] (Environment.java:100) - Client environment:os.arch=x86_64
2014-02-10 16:30:51,040  INFO [Thread-7] (Environment.java:100) - Client environment:os.version=10.9.1
2014-02-10 16:30:51,040  INFO [Thread-7] (Environment.java:100) - Client environment:user.name=criss
2014-02-10 16:30:51,040  INFO [Thread-7] (Environment.java:100) - Client environment:user.home=/Users/criss
2014-02-10 16:30:51,040  INFO [Thread-7] (Environment.java:100) - Client environment:user.dir=/Users/criss/Desktop/projectDev/eosgit/eos-server-example
2014-02-10 16:30:51,042  INFO [Thread-7] (ZooKeeper.java:438) - Initiating client connection, connectString=192.168.0.224:2181 sessionTimeout=5000 watcher=com.sunsharing.eos.common.zookeeper.ZookeeperUtils$DefaultWatcher@42aab87f
2014-02-10 16:30:51,066  INFO [Thread-7] (ZookeeperUtils.java:84) - 连接完成
2014-02-10 16:30:51,073  INFO [Thread-7-SendThread(192.168.0.224:2181)] (ClientCnxn.java:966) - Opening socket connection to server 192.168.0.224/192.168.0.224:2181. Will not attempt to authenticate using SASL (无法定位登录配置)
2014-02-10 16:30:51,082  INFO [Thread-7-SendThread(192.168.0.224:2181)] (ClientCnxn.java:849) - Socket connection established to 192.168.0.224/192.168.0.224:2181, initiating session
2014-02-10 16:30:51,095  INFO [Thread-7-SendThread(192.168.0.224:2181)] (ClientCnxn.java:1207) - Session establishment complete on server 192.168.0.224/192.168.0.224:2181, sessionid = 0x1440b8b58120027, negotiated timeout = 5000
2014-02-10 16:30:51,097  INFO [Thread-7-EventThread] (ZookeeperUtils.java:220) - 已经触发了None事件！::path:null
2014-02-10 16:30:51,097  INFO [Thread-7-EventThread] (ZookeeperUtils.java:228) - 连接结束connectedSignal.countDown...
2014-02-10 16:30:51,097  INFO [Thread-7-EventThread] (ServerConnectCallBack.java:25) - 登录成功了开始调用回调
