2014-02-10 15:45:49,884  INFO [main] (ContextLoader.java:187) - Root WebApplicationContext: initialization started
2014-02-10 15:45:49,957  INFO [main] (AbstractApplicationContext.java:454) - Refreshing Root WebApplicationContext: startup date [Mon Feb 10 15:45:49 CST 2014]; root of context hierarchy
2014-02-10 15:45:50,006  INFO [main] (XmlBeanDefinitionReader.java:315) - Loading XML bean definitions from class path resource [applicationContext.xml]
2014-02-10 15:45:50,567  INFO [main] (DefaultListableBeanFactory.java:538) - Pre-instantiating singletons in org.springframework.beans.factory.support.DefaultListableBeanFactory@281c35ec: defining beans [org.springframework.context.annotation.internalConfigurationAnnotationProcessor,org.springframework.context.annotation.internalAutowiredAnnotationProcessor,org.springframework.context.annotation.internalRequiredAnnotationProcessor,org.springframework.context.annotation.internalCommonAnnotationProcessor,org.springframework.context.annotation.internalPersistenceAnnotationProcessor,systemInterceptor,mainController,org.springframework.web.servlet.mvc.annotation.AnnotationMethodHandlerAdapter#0,dataSource,jdbcTemplate,sessionFactory,org.springframework.aop.config.internalAutoProxyCreator,org.springframework.transaction.annotation.AnnotationTransactionAttributeSource#0,org.springframework.transaction.interceptor.TransactionInterceptor#0,org.springframework.transaction.config.internalTransactionAdvisor,transactionManager,nactiveJdbcExtrator,lobHandler,exceptionResolver]; root of factory hierarchy
2014-02-10 15:45:50,933  INFO [main] (Version.java:15) - Hibernate Annotations 3.3.1.GA
2014-02-10 15:45:50,940  INFO [main] (Environment.java:514) - Hibernate 3.2.6
2014-02-10 15:45:50,944  INFO [main] (Environment.java:547) - hibernate.properties not found
2014-02-10 15:45:50,947  INFO [main] (Environment.java:681) - Bytecode provider name : cglib
2014-02-10 15:45:50,950  INFO [main] (Environment.java:598) - using JDK 1.4 java.sql.Timestamp handling
2014-02-10 15:45:51,043  INFO [main] (AnnotationConfiguration.java:365) - Hibernate Validator not found: ignoring
2014-02-10 15:45:51,044  INFO [main] (LocalSessionFactoryBean.java:772) - Building new Hibernate SessionFactory
2014-02-10 15:45:51,052  INFO [main] (ConnectionProviderFactory.java:72) - Initializing connection provider: org.springframework.orm.hibernate3.LocalDataSourceConnectionProvider
2014-02-10 15:45:51,402  INFO [main] (SettingsFactory.java:89) - RDBMS: Oracle, version: Oracle Database 10g Enterprise Edition Release 10.2.0.1.0 - Production
With the Partitioning, OLAP and Data Mining options
2014-02-10 15:45:51,403  INFO [main] (SettingsFactory.java:90) - JDBC driver: Oracle JDBC driver, version: 10.2.0.1.0
2014-02-10 15:45:51,415  INFO [main] (Dialect.java:152) - Using dialect: org.hibernate.dialect.Oracle9iDialect
2014-02-10 15:45:51,443  INFO [main] (TransactionFactoryFactory.java:34) - Transaction strategy: org.springframework.orm.hibernate3.SpringTransactionFactory
2014-02-10 15:45:51,445  INFO [main] (TransactionManagerLookupFactory.java:33) - No TransactionManagerLookup configured (in JTA environment, use of read-write or transactional second-level cache is not recommended)
2014-02-10 15:45:51,445  INFO [main] (SettingsFactory.java:143) - Automatic flush during beforeCompletion(): disabled
2014-02-10 15:45:51,445  INFO [main] (SettingsFactory.java:147) - Automatic session close at end of transaction: disabled
2014-02-10 15:45:51,446  INFO [main] (SettingsFactory.java:162) - Scrollable result sets: enabled
2014-02-10 15:45:51,446  INFO [main] (SettingsFactory.java:170) - JDBC3 getGeneratedKeys(): disabled
2014-02-10 15:45:51,447  INFO [main] (SettingsFactory.java:178) - Connection release mode: auto
2014-02-10 15:45:51,447  INFO [main] (SettingsFactory.java:205) - Default batch fetch size: 1
2014-02-10 15:45:51,447  INFO [main] (SettingsFactory.java:209) - Generate SQL with comments: disabled
2014-02-10 15:45:51,448  INFO [main] (SettingsFactory.java:213) - Order SQL updates by primary key: disabled
2014-02-10 15:45:51,448  INFO [main] (SettingsFactory.java:217) - Order SQL inserts for batching: disabled
2014-02-10 15:45:51,448  INFO [main] (SettingsFactory.java:386) - Query translator: org.hibernate.hql.ast.ASTQueryTranslatorFactory
2014-02-10 15:45:51,450  INFO [main] (ASTQueryTranslatorFactory.java:24) - Using ASTQueryTranslatorFactory
2014-02-10 15:45:51,450  INFO [main] (SettingsFactory.java:225) - Query language substitutions: {}
2014-02-10 15:45:51,451  INFO [main] (SettingsFactory.java:230) - JPA-QL strict compliance: disabled
2014-02-10 15:45:51,451  INFO [main] (SettingsFactory.java:235) - Second-level cache: enabled
2014-02-10 15:45:51,451  INFO [main] (SettingsFactory.java:239) - Query cache: disabled
2014-02-10 15:45:51,452  INFO [main] (SettingsFactory.java:373) - Cache provider: org.hibernate.cache.NoCacheProvider
2014-02-10 15:45:51,452  INFO [main] (SettingsFactory.java:254) - Optimize cache for minimal puts: disabled
2014-02-10 15:45:51,453  INFO [main] (SettingsFactory.java:263) - Structured second-level cache entries: disabled
2014-02-10 15:45:51,457  INFO [main] (SettingsFactory.java:283) - Echoing all SQL to stdout
2014-02-10 15:45:51,457  INFO [main] (SettingsFactory.java:290) - Statistics: disabled
2014-02-10 15:45:51,458  INFO [main] (SettingsFactory.java:294) - Deleted entity synthetic identifier rollback: disabled
2014-02-10 15:45:51,459  INFO [main] (SettingsFactory.java:309) - Default entity-mode: pojo
2014-02-10 15:45:51,459  INFO [main] (SettingsFactory.java:313) - Named query checking : enabled
2014-02-10 15:45:51,492  INFO [main] (SessionFactoryImpl.java:161) - building session factory
2014-02-10 15:45:51,498  INFO [main] (SessionFactoryObjectFactory.java:82) - Not binding factory to JNDI, no JNDI name configured
2014-02-10 15:45:51,558  INFO [main] (ContextLoader.java:214) - Root WebApplicationContext: initialization completed in 1669 ms
2014-02-10 15:45:51,606  INFO [main] (SysInit.java:30) - 系统开始初始化...
2014-02-10 15:45:51,607  INFO [main] (ServiceLocator.java:36) - 初始化ApplicationContext对象完毕...
2014-02-10 15:45:51,608  INFO [main] (SysInit.java:33) - 系统初始化上下文结束...
2014-02-10 15:45:51,608  INFO [main] (SysInit.java:35) - 初始化其它参数...
2014-02-10 15:45:51,791  INFO [main] (SysInit.java:44) - 初始化其它参数结束...
2014-02-10 15:45:51,803  INFO [main] (FrameworkServlet.java:301) - FrameworkServlet 'springDispatcherServlet': initialization started
2014-02-10 15:45:51,806  INFO [main] (AbstractApplicationContext.java:454) - Refreshing WebApplicationContext for namespace 'springDispatcherServlet-servlet': startup date [Mon Feb 10 15:45:51 CST 2014]; parent: Root WebApplicationContext
2014-02-10 15:45:51,807  INFO [main] (XmlBeanDefinitionReader.java:315) - Loading XML bean definitions from class path resource [spring-servlet.xml]
2014-02-10 15:45:51,942  INFO [main] (DefaultListableBeanFactory.java:538) - Pre-instantiating singletons in org.springframework.beans.factory.support.DefaultListableBeanFactory@44cdf872: defining beans [systemInterceptor,mainController,org.springframework.context.annotation.internalConfigurationAnnotationProcessor,org.springframework.context.annotation.internalAutowiredAnnotationProcessor,org.springframework.context.annotation.internalRequiredAnnotationProcessor,org.springframework.context.annotation.internalCommonAnnotationProcessor,org.springframework.context.annotation.internalPersistenceAnnotationProcessor,org.springframework.web.servlet.mvc.annotation.DefaultAnnotationHandlerMapping#0,viewResolver,multipartResolver]; parent: org.springframework.beans.factory.support.DefaultListableBeanFactory@281c35ec
2014-02-10 15:45:51,972  INFO [main] (AbstractUrlHandlerMapping.java:410) - Mapped URL path [/login.do] onto handler [com.sunsharing.component.web.controller.main.MainController@4678f83a]
2014-02-10 15:45:52,024  INFO [main] (FrameworkServlet.java:320) - FrameworkServlet 'springDispatcherServlet': initialization completed in 220 ms
2014-02-10 15:49:05,615  INFO [main] (ContextLoader.java:187) - Root WebApplicationContext: initialization started
2014-02-10 15:49:05,664  INFO [main] (AbstractApplicationContext.java:454) - Refreshing Root WebApplicationContext: startup date [Mon Feb 10 15:49:05 CST 2014]; root of context hierarchy
2014-02-10 15:49:05,721  INFO [main] (XmlBeanDefinitionReader.java:315) - Loading XML bean definitions from class path resource [applicationContext.xml]
2014-02-10 15:49:06,205  INFO [main] (DefaultListableBeanFactory.java:538) - Pre-instantiating singletons in org.springframework.beans.factory.support.DefaultListableBeanFactory@7b3cb2c6: defining beans [org.springframework.context.annotation.internalConfigurationAnnotationProcessor,org.springframework.context.annotation.internalAutowiredAnnotationProcessor,org.springframework.context.annotation.internalRequiredAnnotationProcessor,org.springframework.context.annotation.internalCommonAnnotationProcessor,org.springframework.context.annotation.internalPersistenceAnnotationProcessor,systemInterceptor,mainController,org.springframework.web.servlet.mvc.annotation.AnnotationMethodHandlerAdapter#0,exceptionResolver]; root of factory hierarchy
2014-02-10 15:49:06,430  INFO [main] (ContextLoader.java:214) - Root WebApplicationContext: initialization completed in 812 ms
2014-02-10 15:49:06,496  INFO [main] (SysInit.java:31) - 系统开始初始化...
2014-02-10 15:49:06,499  INFO [main] (ServiceLocator.java:36) - 初始化ApplicationContext对象完毕...
2014-02-10 15:49:06,500  INFO [main] (SysInit.java:34) - 系统初始化上下文结束...
2014-02-10 15:49:06,500  INFO [main] (SysInit.java:36) - 初始化其它参数...
2014-02-10 15:49:06,503 ERROR [main] (SysParam.java:76) - 读取数据库中的全局参数的配置出错!
2014-02-10 15:49:06,512  INFO [main] (ConfigContext.java:95) - ******实例化Bean:com.sunsharing.eos.client.sys.SysProp...
2014-02-10 15:49:06,515  INFO [main] (ConfigContext.java:131) - 开始加载配置文件：eos.properties
2014-02-10 15:49:06,516  INFO [main] (ConfigContext.java:133) - 配置文件完整路径：/Users/criss/Desktop/projectDev/eosgit/eos-client-example/target/classes/eos.properties
2014-02-10 15:49:06,518 ERROR [main] (ConfigContext.java:103) - 实例化Bean:com.sunsharing.eos.client.sys.SysProp出错...
com.sunsharing.component.resvalidate.exception.ValidateException: 加载文件eos.properties不存在于classpath中！
	at com.sunsharing.component.resvalidate.config.ConfigContext.annotationInject(ConfigContext.java:140)
	at com.sunsharing.component.resvalidate.config.ConfigContext.instancesBean(ConfigContext.java:97)
	at com.sunsharing.eos.client.EosInit.start(EosInit.java:43)
	at com.sunsharing.component.sys.SysInit.init(SysInit.java:43)
	at javax.servlet.GenericServlet.init(GenericServlet.java:241)
	at org.mortbay.jetty.servlet.ServletHolder.initServlet(ServletHolder.java:433)
	at org.mortbay.jetty.servlet.ServletHolder.doStart(ServletHolder.java:256)
	at org.mortbay.component.AbstractLifeCycle.start(AbstractLifeCycle.java:40)
	at org.mortbay.jetty.servlet.ServletHandler.initialize(ServletHandler.java:612)
	at org.mortbay.jetty.servlet.Context.startContext(Context.java:139)
	at org.mortbay.jetty.webapp.WebAppContext.startContext(WebAppContext.java:1218)
	at org.mortbay.jetty.handler.ContextHandler.doStart(ContextHandler.java:500)
	at org.mortbay.jetty.webapp.WebAppContext.doStart(WebAppContext.java:448)
	at org.mortbay.component.AbstractLifeCycle.start(AbstractLifeCycle.java:40)
	at org.mortbay.jetty.handler.HandlerCollection.doStart(HandlerCollection.java:147)
	at org.mortbay.jetty.handler.ContextHandlerCollection.doStart(ContextHandlerCollection.java:161)
	at org.mortbay.component.AbstractLifeCycle.start(AbstractLifeCycle.java:40)
	at org.mortbay.jetty.handler.HandlerCollection.doStart(HandlerCollection.java:147)
	at org.mortbay.component.AbstractLifeCycle.start(AbstractLifeCycle.java:40)
	at org.mortbay.jetty.handler.HandlerWrapper.doStart(HandlerWrapper.java:117)
	at org.mortbay.jetty.Server.doStart(Server.java:217)
	at org.mortbay.component.AbstractLifeCycle.start(AbstractLifeCycle.java:40)
	at org.mortbay.jetty.plugin.Jetty6PluginServer.start(Jetty6PluginServer.java:132)
	at org.mortbay.jetty.plugin.AbstractJettyMojo.startJetty(AbstractJettyMojo.java:345)
	at org.mortbay.jetty.plugin.AbstractJettyMojo.execute(AbstractJettyMojo.java:286)
	at org.mortbay.jetty.plugin.AbstractJettyRunMojo.execute(AbstractJettyRunMojo.java:204)
	at org.mortbay.jetty.plugin.Jetty6RunMojo.execute(Jetty6RunMojo.java:183)
	at org.apache.maven.plugin.DefaultBuildPluginManager.executeMojo(DefaultBuildPluginManager.java:101)
	at org.apache.maven.lifecycle.internal.MojoExecutor.execute(MojoExecutor.java:209)
	at org.apache.maven.lifecycle.internal.MojoExecutor.execute(MojoExecutor.java:153)
	at org.apache.maven.lifecycle.internal.MojoExecutor.execute(MojoExecutor.java:145)
	at org.apache.maven.lifecycle.internal.LifecycleModuleBuilder.buildProject(LifecycleModuleBuilder.java:84)
	at org.apache.maven.lifecycle.internal.LifecycleModuleBuilder.buildProject(LifecycleModuleBuilder.java:59)
	at org.apache.maven.lifecycle.internal.LifecycleStarter.singleThreadedBuild(LifecycleStarter.java:183)
	at org.apache.maven.lifecycle.internal.LifecycleStarter.execute(LifecycleStarter.java:161)
	at org.apache.maven.DefaultMaven.doExecute(DefaultMaven.java:320)
	at org.apache.maven.DefaultMaven.execute(DefaultMaven.java:156)
	at org.apache.maven.cli.MavenCli.execute(MavenCli.java:537)
	at org.apache.maven.cli.MavenCli.doMain(MavenCli.java:196)
	at org.apache.maven.cli.MavenCli.main(MavenCli.java:141)
	at sun.reflect.NativeMethodAccessorImpl.invoke0(Native Method)
	at sun.reflect.NativeMethodAccessorImpl.invoke(NativeMethodAccessorImpl.java:39)
	at sun.reflect.DelegatingMethodAccessorImpl.invoke(DelegatingMethodAccessorImpl.java:25)
	at java.lang.reflect.Method.invoke(Method.java:597)
	at org.codehaus.plexus.classworlds.launcher.Launcher.launchEnhanced(Launcher.java:290)
	at org.codehaus.plexus.classworlds.launcher.Launcher.launch(Launcher.java:230)
	at org.codehaus.plexus.classworlds.launcher.Launcher.mainWithExitCode(Launcher.java:409)
	at org.codehaus.plexus.classworlds.launcher.Launcher.main(Launcher.java:352)
	at org.codehaus.classworlds.Launcher.main(Launcher.java:47)
	at sun.reflect.NativeMethodAccessorImpl.invoke0(Native Method)
	at sun.reflect.NativeMethodAccessorImpl.invoke(NativeMethodAccessorImpl.java:39)
	at sun.reflect.DelegatingMethodAccessorImpl.invoke(DelegatingMethodAccessorImpl.java:25)
	at java.lang.reflect.Method.invoke(Method.java:597)
	at com.intellij.rt.execution.application.AppMain.main(AppMain.java:120)
2014-02-10 15:49:06,531  INFO [Shutdown] (AbstractApplicationContext.java:979) - Closing Root WebApplicationContext: startup date [Mon Feb 10 15:49:05 CST 2014]; root of context hierarchy
2014-02-10 15:49:06,533  INFO [Shutdown] (DefaultSingletonBeanRegistry.java:421) - Destroying singletons in org.springframework.beans.factory.support.DefaultListableBeanFactory@7b3cb2c6: defining beans [org.springframework.context.annotation.internalConfigurationAnnotationProcessor,org.springframework.context.annotation.internalAutowiredAnnotationProcessor,org.springframework.context.annotation.internalRequiredAnnotationProcessor,org.springframework.context.annotation.internalCommonAnnotationProcessor,org.springframework.context.annotation.internalPersistenceAnnotationProcessor,systemInterceptor,mainController,org.springframework.web.servlet.mvc.annotation.AnnotationMethodHandlerAdapter#0,exceptionResolver]; root of factory hierarchy
2014-02-10 15:50:41,220  INFO [main] (ContextLoader.java:187) - Root WebApplicationContext: initialization started
2014-02-10 15:50:41,262  INFO [main] (AbstractApplicationContext.java:454) - Refreshing Root WebApplicationContext: startup date [Mon Feb 10 15:50:41 CST 2014]; root of context hierarchy
2014-02-10 15:50:41,315  INFO [main] (XmlBeanDefinitionReader.java:315) - Loading XML bean definitions from class path resource [applicationContext.xml]
2014-02-10 15:50:41,765  INFO [main] (DefaultListableBeanFactory.java:538) - Pre-instantiating singletons in org.springframework.beans.factory.support.DefaultListableBeanFactory@53d9f80: defining beans [org.springframework.context.annotation.internalConfigurationAnnotationProcessor,org.springframework.context.annotation.internalAutowiredAnnotationProcessor,org.springframework.context.annotation.internalRequiredAnnotationProcessor,org.springframework.context.annotation.internalCommonAnnotationProcessor,org.springframework.context.annotation.internalPersistenceAnnotationProcessor,systemInterceptor,mainController,org.springframework.web.servlet.mvc.annotation.AnnotationMethodHandlerAdapter#0,exceptionResolver]; root of factory hierarchy
2014-02-10 15:50:41,988  INFO [main] (ContextLoader.java:214) - Root WebApplicationContext: initialization completed in 763 ms
2014-02-10 15:50:42,047  INFO [main] (SysInit.java:31) - 系统开始初始化...
2014-02-10 15:50:42,049  INFO [main] (ServiceLocator.java:36) - 初始化ApplicationContext对象完毕...
2014-02-10 15:50:42,049  INFO [main] (SysInit.java:34) - 系统初始化上下文结束...
2014-02-10 15:50:42,050  INFO [main] (SysInit.java:36) - 初始化其它参数...
2014-02-10 15:50:42,056  INFO [main] (ConfigContext.java:95) - ******实例化Bean:com.sunsharing.eos.client.sys.SysProp...
2014-02-10 15:50:42,059  INFO [main] (ConfigContext.java:131) - 开始加载配置文件：eos.properties
2014-02-10 15:50:42,061  INFO [main] (ConfigContext.java:133) - 配置文件完整路径：/Users/criss/Desktop/projectDev/eosgit/eos-client-example/target/classes/eos.properties
2014-02-10 15:50:42,061  INFO [main] (ConfigContext.java:138) - filePath = /Users/criss/Desktop/projectDev/eosgit/eos-client-example/target/classes/eos.properties
2014-02-10 15:50:42,062  INFO [main] (ConfigContext.java:309) - 加载参数：zookeeper_ip=192.168.0.224
2014-02-10 15:50:42,062  INFO [main] (ConfigContext.java:309) - 加载参数：zookeeper_port=2181
2014-02-10 15:50:42,063  INFO [main] (ConfigContext.java:309) - 加载参数：debugging_server_ip=192.168.100.60
2014-02-10 15:50:42,065  INFO [main] (ConfigContext.java:309) - 加载参数：use_mock=false
2014-02-10 15:50:42,066  INFO [main] (ConfigContext.java:152) - 加载属性配置文件结束！
2014-02-10 15:50:42,067  INFO [main] (ConfigContext.java:153) - 开始设置bean的值.....
2014-02-10 15:50:42,077  INFO [main] (ConfigContext.java:277) - zookeeperIp（zookeeper_ip）=192.168.0.224
2014-02-10 15:50:42,085  INFO [main] (ConfigContext.java:277) - zookeeperPort（zookeeper_port）=2181
2014-02-10 15:50:42,089  INFO [main] (ConfigContext.java:277) - debugServerIp（debugging_server_ip）=192.168.100.60
2014-02-10 15:50:42,090  INFO [main] (ConfigContext.java:277) - use_mock（use_mock）=false
2014-02-10 15:50:42,091  INFO [main] (ConfigContext.java:98) - ******实例化Bean:com.sunsharing.eos.client.sys.SysProp结束
2014-02-10 15:50:42,157  INFO [main] (SysInit.java:45) - 初始化其它参数结束...
2014-02-10 15:50:42,167  INFO [Thread-7] (ZookeeperUtils.java:75) - ZookeeperCacheSynchronizer:connect
2014-02-10 15:50:42,168  INFO [Thread-7] (ZookeeperUtils.java:82) - 连接192.168.0.224:2181
2014-02-10 15:50:42,235  INFO [main] (FrameworkServlet.java:301) - FrameworkServlet 'springDispatcherServlet': initialization started
2014-02-10 15:50:42,237  INFO [main] (AbstractApplicationContext.java:454) - Refreshing WebApplicationContext for namespace 'springDispatcherServlet-servlet': startup date [Mon Feb 10 15:50:42 CST 2014]; parent: Root WebApplicationContext
2014-02-10 15:50:42,239  INFO [main] (XmlBeanDefinitionReader.java:315) - Loading XML bean definitions from class path resource [spring-servlet.xml]
2014-02-10 15:50:42,368  INFO [main] (DefaultListableBeanFactory.java:538) - Pre-instantiating singletons in org.springframework.beans.factory.support.DefaultListableBeanFactory@712801c5: defining beans [systemInterceptor,mainController,org.springframework.context.annotation.internalConfigurationAnnotationProcessor,org.springframework.context.annotation.internalAutowiredAnnotationProcessor,org.springframework.context.annotation.internalRequiredAnnotationProcessor,org.springframework.context.annotation.internalCommonAnnotationProcessor,org.springframework.context.annotation.internalPersistenceAnnotationProcessor,org.springframework.web.servlet.mvc.annotation.DefaultAnnotationHandlerMapping#0,viewResolver,multipartResolver]; parent: org.springframework.beans.factory.support.DefaultListableBeanFactory@53d9f80
2014-02-10 15:50:42,440  INFO [main] (AbstractUrlHandlerMapping.java:410) - Mapped URL path [/login.do] onto handler [com.sunsharing.component.web.controller.main.MainController@79a340]
2014-02-10 15:50:42,521  INFO [main] (FrameworkServlet.java:320) - FrameworkServlet 'springDispatcherServlet': initialization completed in 286 ms
2014-02-10 15:50:46,438  INFO [Thread-7] (Environment.java:100) - Client environment:zookeeper.version=3.4.5-1392090, built on 09/30/2012 17:52 GMT
2014-02-10 15:50:46,439  INFO [Thread-7] (Environment.java:100) - Client environment:host.name=192.168.137.137
2014-02-10 15:50:46,439  INFO [Thread-7] (Environment.java:100) - Client environment:java.version=1.6.0_65
2014-02-10 15:50:46,439  INFO [Thread-7] (Environment.java:100) - Client environment:java.vendor=Apple Inc.
2014-02-10 15:50:46,439  INFO [Thread-7] (Environment.java:100) - Client environment:java.home=/System/Library/Java/JavaVirtualMachines/1.6.0.jdk/Contents/Home
2014-02-10 15:50:46,439  INFO [Thread-7] (Environment.java:100) - Client environment:java.class.path=/Users/criss/Desktop/tools/apache-maven-3.0.5/boot/plexus-classworlds-2.4.jar:/Applications/IntelliJ IDEA 13.app/lib/idea_rt.jar
2014-02-10 15:50:46,440  INFO [Thread-7] (Environment.java:100) - Client environment:java.library.path=.:/Library/Java/Extensions:/System/Library/Java/Extensions:/usr/lib/java
2014-02-10 15:50:46,440  INFO [Thread-7] (Environment.java:100) - Client environment:java.io.tmpdir=/var/folders/kw/2j8r0qcd6g5gs6mqnx988jj40000gn/T/
2014-02-10 15:50:46,440  INFO [Thread-7] (Environment.java:100) - Client environment:java.compiler=<NA>
2014-02-10 15:50:46,440  INFO [Thread-7] (Environment.java:100) - Client environment:os.name=Mac OS X
2014-02-10 15:50:46,440  INFO [Thread-7] (Environment.java:100) - Client environment:os.arch=x86_64
2014-02-10 15:50:46,440  INFO [Thread-7] (Environment.java:100) - Client environment:os.version=10.9.1
2014-02-10 15:50:46,440  INFO [Thread-7] (Environment.java:100) - Client environment:user.name=criss
2014-02-10 15:50:46,440  INFO [Thread-7] (Environment.java:100) - Client environment:user.home=/Users/criss
2014-02-10 15:50:46,440  INFO [Thread-7] (Environment.java:100) - Client environment:user.dir=/Users/criss/Desktop/projectDev/eosgit/eos-client-example
2014-02-10 15:50:46,442  INFO [Thread-7] (ZooKeeper.java:438) - Initiating client connection, connectString=192.168.0.224:2181 sessionTimeout=5000 watcher=com.sunsharing.eos.common.zookeeper.ZookeeperUtils$DefaultWatcher@5406f513
2014-02-10 15:50:46,465  INFO [Thread-7] (ZookeeperUtils.java:84) - 连接完成
2014-02-10 15:50:50,680  INFO [Thread-7-SendThread(192.168.0.224:2181)] (ClientCnxn.java:966) - Opening socket connection to server 192.168.0.224/192.168.0.224:2181. Will not attempt to authenticate using SASL (无法定位登录配置)
2014-02-10 15:50:50,697  INFO [Thread-7-SendThread(192.168.0.224:2181)] (ClientCnxn.java:849) - Socket connection established to 192.168.0.224/192.168.0.224:2181, initiating session
2014-02-10 15:50:50,711  INFO [Thread-7-SendThread(192.168.0.224:2181)] (ClientCnxn.java:1207) - Session establishment complete on server 192.168.0.224/192.168.0.224:2181, sessionid = 0x1440b8b58120025, negotiated timeout = 5000
2014-02-10 15:50:50,713  INFO [Thread-7-EventThread] (ZookeeperUtils.java:220) - 已经触发了None事件！::path:null
2014-02-10 15:50:50,713  INFO [Thread-7-EventThread] (ZookeeperUtils.java:228) - 连接结束connectedSignal.countDown...
2014-02-10 15:50:50,714  INFO [Thread-7-EventThread] (ClientConnectCallBack.java:21) - 登录成功了开始调用回调
2014-02-10 15:50:50,751  INFO [Thread-7-EventThread] (ServiceLocation.java:56) - jiazai:225
2014-02-10 15:50:50,755  INFO [Thread-7-EventThread] (ServiceLocation.java:126) - 监听:/SERVICE_STATE/225
2014-02-10 15:50:50,766  INFO [Thread-7-EventThread] (ServiceLocation.java:128) - isonline:true
2014-02-10 15:50:50,789  INFO [Thread-7-EventThread] (ClientConnectCallBack.java:28) - ````````````````````````````
2014-02-10 15:50:50,836  INFO [Thread-7-EventThread] (ServiceLocation.java:165) - eosId:225--{"eos_ip":"192.168.100.225","eos_port":"5555","services":{}}
2014-02-10 15:50:50,836  INFO [Thread-7-EventThread] (ClientConnectCallBack.java:30) - ````````````````````````````
